#
# There is insufficient memory for the Java Runtime Environment to continue.
# Native memory allocation (malloc) failed to allocate 1048576 bytes for AllocateHeap
# Possible reasons:
#   The system is out of physical RAM or swap space
#   The process is running with CompressedOops enabled, and the Java Heap may be blocking the growth of the native heap
# Possible solutions:
#   Reduce memory load on the system
#   Increase physical memory or swap space
#   Check if swap backing store is full
#   Decrease Java heap size (-Xmx/-Xms)
#   Decrease number of Java threads
#   Decrease Java thread stack sizes (-Xss)
#   Set larger code cache with -XX:ReservedCodeCacheSize=
#   JVM is running with Unscaled Compressed Oops mode in which the Java heap is
#     placed in the first 4GB address space. The Java Heap base address is the
#     maximum limit for the native heap growth. Please use -XX:HeapBaseMinAddress
#     to set the Java Heap base and to place the Java Heap above 4GB virtual address.
# This output file may be truncated or incomplete.
#
#  Out of Memory Error (memory/allocation.inline.hpp:61), pid=9304, tid=0x000000000000613c
#
# JRE version:  (8.0_201-b09) (build )
# Java VM: Java HotSpot(TM) 64-Bit Server VM (25.201-b09 mixed mode windows-amd64 compressed oops)
# Failed to write core dump. Minidumps are not enabled by default on client versions of Windows
#

---------------  T H R E A D  ---------------

Current thread (0x0000000000a4d800):  JavaThread "Unknown thread" [_thread_in_vm, id=24892, stack(0x0000000002750000,0x0000000002850000)]

Stack: [0x0000000002750000,0x0000000002850000]
[error occurred during error reporting (printing stack bounds), id 0xc0000005]

Native frames: (J=compiled Java code, j=interpreted, Vv=VM code, C=native code)


---------------  P R O C E S S  ---------------

Java Threads: ( => current thread )

Other Threads:

=>0x0000000000a4d800 (exited) JavaThread "Unknown thread" [_thread_in_vm, id=24892, stack(0x0000000002750000,0x0000000002850000)]

VM state:not at safepoint (normal execution)

VM Mutex/Monitor currently owned by a thread: None

heap address: 0x0000000081c00000, size: 2020 MB, Compressed Oops mode: 32-bit
Narrow klass base: 0x0000000000000000, Narrow klass shift: 3
Compressed class space size: 1073741824 Address: 0x0000000100000000

Heap:
 PSYoungGen      total 38400K, used 665K [0x00000000d5f00000, 0x00000000d8980000, 0x0000000100000000)
  eden space 33280K, 2% used [0x00000000d5f00000,0x00000000d5fa6670,0x00000000d7f80000)
  from space 5120K, 0% used [0x00000000d8480000,0x00000000d8480000,0x00000000d8980000)
  to   space 5120K, 0% used [0x00000000d7f80000,0x00000000d7f80000,0x00000000d8480000)
 ParOldGen       total 87552K, used 0K [0x0000000081c00000, 0x0000000087180000, 0x00000000d5f00000)
  object space 87552K, 0% used [0x0000000081c00000,0x0000000081c00000,0x0000000087180000)
 Metaspace       used 775K, capacity 4480K, committed 4480K, reserved 1056768K
  class space    used 76K, capacity 384K, committed 384K, reserved 1048576K

Card table byte_map: [0x0000000011d10000,0x0000000012110000] byte_map_base: 0x0000000011902000

Marking Bits: (ParMarkBitMap*) 0x0000000055814ce0
 Begin Bits: [0x00000000127c0000, 0x0000000014750000)
 End Bits:   [0x0000000014750000, 0x00000000166e0000)

Polling page: 0x0000000000a30000

CodeCache: size=245760Kb used=328Kb max_used=328Kb free=245431Kb
 bounds [0x0000000002950000, 0x0000000002bc0000, 0x0000000011950000]
 total_blobs=58 nmethods=0 adapters=38
 compilation: enabled

Compilation events (0 events):
No events

GC Heap History (0 events):
No events

Deoptimization events (0 events):
No events

Classes redefined (0 events):
No events

Internal exceptions (0 events):
No events

Events (10 events):
Event: 0.070 loading class java/lang/Short
Event: 0.070 loading class java/lang/Short done
Event: 0.070 loading class java/lang/Integer
Event: 0.070 loading class java/lang/Integer done
Event: 0.070 loading class java/lang/Long
Event: 0.070 loading class java/lang/Long done
Event: 0.072 loading class java/lang/NullPointerException
Event: 0.072 loading class java/lang/NullPointerException done
Event: 0.072 loading class java/lang/ArithmeticException
Event: 0.072 loading class java/lang/ArithmeticException done


Dynamic libraries:
0x00007ff6decf0000 - 0x00007ff6ded27000 	C:\Program Files\Java\jdk1.8.0_201\bin\java.exe
0x00007ffc4a810000 - 0x00007ffc4aa05000 	C:\WINDOWS\SYSTEM32\ntdll.dll
0x00007ffc49040000 - 0x00007ffc490fd000 	C:\WINDOWS\System32\KERNEL32.DLL
0x00007ffc48450000 - 0x00007ffc4871d000 	C:\WINDOWS\System32\KERNELBASE.dll
0x00007ffc49e00000 - 0x00007ffc49eae000 	C:\WINDOWS\System32\ADVAPI32.dll
0x00007ffc495b0000 - 0x00007ffc4964e000 	C:\WINDOWS\System32\msvcrt.dll
0x00007ffc493e0000 - 0x00007ffc4947c000 	C:\WINDOWS\System32\sechost.dll
0x00007ffc49100000 - 0x00007ffc49225000 	C:\WINDOWS\System32\RPCRT4.dll
0x00007ffc48d90000 - 0x00007ffc48f30000 	C:\WINDOWS\System32\USER32.dll
0x00007ffc48420000 - 0x00007ffc48442000 	C:\WINDOWS\System32\win32u.dll
0x00007ffc49010000 - 0x00007ffc4903a000 	C:\WINDOWS\System32\GDI32.dll
0x00007ffc48720000 - 0x00007ffc4882b000 	C:\WINDOWS\System32\gdi32full.dll
0x00007ffc482a0000 - 0x00007ffc4833d000 	C:\WINDOWS\System32\msvcp_win.dll
0x00007ffc47f80000 - 0x00007ffc48080000 	C:\WINDOWS\System32\ucrtbase.dll
0x00007ffc32d10000 - 0x00007ffc32faa000 	C:\WINDOWS\WinSxS\amd64_microsoft.windows.common-controls_6595b64144ccf1df_6.0.19041.1110_none_60b5254171f9507e\COMCTL32.dll
0x00007ffc488e0000 - 0x00007ffc48910000 	C:\WINDOWS\System32\IMM32.DLL
0x0000000054f10000 - 0x0000000054fe1000 	C:\Program Files\Java\jdk1.8.0_201\jre\bin\msvcr100.dll
0x0000000054ff0000 - 0x0000000055894000 	C:\Program Files\Java\jdk1.8.0_201\jre\bin\server\jvm.dll
0x00007ffc4a600000 - 0x00007ffc4a608000 	C:\WINDOWS\System32\PSAPI.DLL
0x00007ffc2e5b0000 - 0x00007ffc2e5b9000 	C:\WINDOWS\SYSTEM32\WSOCK32.dll
0x00007ffc25c80000 - 0x00007ffc25ca7000 	C:\WINDOWS\SYSTEM32\WINMM.dll
0x00007ffc47a40000 - 0x00007ffc47a4a000 	C:\WINDOWS\SYSTEM32\VERSION.dll
0x00007ffc48fa0000 - 0x00007ffc4900b000 	C:\WINDOWS\System32\WS2_32.dll
0x00007ffc422e0000 - 0x00007ffc422ef000 	C:\Program Files\Java\jdk1.8.0_201\jre\bin\verify.dll
0x00007ffc060c0000 - 0x00007ffc060e9000 	C:\Program Files\Java\jdk1.8.0_201\jre\bin\java.dll
0x00007ffc31f50000 - 0x00007ffc31f66000 	C:\Program Files\Java\jdk1.8.0_201\jre\bin\zip.dll

VM Arguments:
jvm_args: -Dfile.encoding=UTF-8 
java_command: hotel.management.system.Reception
java_class_path (initial): C:\Users\AA\Documents\javafx-sdk-17.0.2\src.zip;C:\Users\AA\Downloads\mysql-connector-java-8.0.29\mysql-connector-java-8.0.29.jar;C:\Users\AA\Documents\NetBeansProjects\rs2xml\rs2xml.jar;C:\Users\AA\Documents\NetBeansProjects\JavaApplication5\build\classes
Launcher Type: SUN_STANDARD

Environment Variables:
CLASSPATH=C:\Program Files\Java\jdk1.8.0_201\bin;C:\Program Files\Java\jre1.8.0_201;
PATH=C:\Program Files\Java\jdk1.8.0_201\bin;C:\Program Files\nodejs\;C:\wamp64\bin\php\php5.6.40;C:\wamp64;C:\composer;C:\cygwin64;C:\cygwin64\bin;C:\wamp64\bin\php\php5.6.40\;C:\wamp64\bin\php\php5.6.40\;C:\wamp64\bin\php\php5.6.40;C:\cygwin64;C:\cygwin64\bin;C:\cygwin64\usr\sbin;;C:\Users\AA\AppData\Local\Programs\Microsoft VS Code\bin
USERNAME=AA
OS=Windows_NT
PROCESSOR_IDENTIFIER=Intel64 Family 6 Model 78 Stepping 3, GenuineIntel



---------------  S Y S T E M  ---------------

OS: Windows 10.0 , 64 bit Build 19041 (10.0.19041.1706)

CPU:total 4 (initial active 4) (2 cores per cpu, 2 threads per core) family 6 model 78 stepping 3, cmov, cx8, fxsr, mmx, sse, sse2, sse3, ssse3, sse4.1, sse4.2, popcnt, avx, avx2, aes, clmul, erms, rtm, 3dnowpref, lzcnt, ht, tsc, tscinvbit, bmi1, bmi2, adx

Memory: 4k page, physical 8266332k(1740336k free), swap 33432156k(5704k free)

vm_info: Java HotSpot(TM) 64-Bit Server VM (25.201-b09) for windows-amd64 JRE (1.8.0_201-b09), built on Dec 15 2018 18:36:39 by "java_re" with MS VC++ 10.0 (VS2010)

time: Wed Jun 22 20:46:09 2022
timezone: E. Africa Standard Time
elapsed time: 0 seconds (0d 0h 0m 0s)

